<?xml version="1.0" encoding="UTF-8"?>
<robot generator="Robot 3.1.2 (Python 3.6.5 on win32)" generated="20200215 16:06:09.330" rpa="false">
<suite id="s1" name="StoreTests" source="C:\Users\sara.silva\PycharmProjects\VSware\tests\StoreTests.robot">
<test id="s1-t1" name="Logged out user can search for products">
<kw name="Begin Web Test" library="Common" type="setup">
<kw name="Open Browser" library="SeleniumLibrary">
<doc>Opens a new browser instance to the optional ``url``.</doc>
<arguments>
<arg>about:blank</arg>
<arg>${BROWSER}</arg>
</arguments>
<msg timestamp="20200215 16:06:09.517" level="INFO">Opening browser 'chrome' to base url 'about:blank'.</msg>
<status status="PASS" starttime="20200215 16:06:09.517" endtime="20200215 16:06:11.620"></status>
</kw>
<status status="PASS" starttime="20200215 16:06:09.516" endtime="20200215 16:06:11.620"></status>
</kw>
<kw name="Search for Products" library="Store">
<kw name="Load" library="LandingPage">
<kw name="Go To" library="SeleniumLibrary">
<doc>Navigates the current browser window to the provided ``url``.</doc>
<arguments>
<arg>${START_URL}</arg>
</arguments>
<msg timestamp="20200215 16:06:11.621" level="INFO">Opening url 'http://automationpractice.com'</msg>
<status status="PASS" starttime="20200215 16:06:11.621" endtime="20200215 16:06:14.418"></status>
</kw>
<status status="PASS" starttime="20200215 16:06:11.621" endtime="20200215 16:06:14.418"></status>
</kw>
<kw name="Verify Page Loaded" library="LandingPage">
<kw name="Wait Until Page Contains Element" library="SeleniumLibrary">
<doc>Waits until the element ``locator`` appears on the current page.</doc>
<arguments>
<arg>id=search_block_top</arg>
</arguments>
<status status="PASS" starttime="20200215 16:06:14.419" endtime="20200215 16:06:14.430"></status>
</kw>
<status status="PASS" starttime="20200215 16:06:14.419" endtime="20200215 16:06:14.430"></status>
</kw>
<kw name="Search for Products" library="TopNav">
<kw name="Enter Search Term" library="TopNav">
<kw name="Input Text" library="SeleniumLibrary">
<doc>Types the given ``text`` into the text field identified by ``locator``.</doc>
<arguments>
<arg>id=search_query_top</arg>
<arg>${SEARCH_TERM}</arg>
</arguments>
<msg timestamp="20200215 16:06:14.431" level="INFO">Typing text 'Blouse' into text field 'id=search_query_top'.</msg>
<status status="PASS" starttime="20200215 16:06:14.430" endtime="20200215 16:06:14.538"></status>
</kw>
<status status="PASS" starttime="20200215 16:06:14.430" endtime="20200215 16:06:14.538"></status>
</kw>
<kw name="Submit Search" library="TopNav">
<kw name="Click Button" library="SeleniumLibrary">
<doc>Clicks the button identified by ``locator``.</doc>
<arguments>
<arg>css=button[class='btn btn-default button-search']</arg>
</arguments>
<msg timestamp="20200215 16:06:14.538" level="INFO">Clicking button 'css=button[class='btn btn-default button-search']'.</msg>
<status status="PASS" starttime="20200215 16:06:14.538" endtime="20200215 16:06:15.415"></status>
</kw>
<status status="PASS" starttime="20200215 16:06:14.538" endtime="20200215 16:06:15.415"></status>
</kw>
<status status="PASS" starttime="20200215 16:06:14.430" endtime="20200215 16:06:15.415"></status>
</kw>
<kw name="Verify Search Completed" library="SearchResults">
<kw name="Wait Until Page Contains" library="SeleniumLibrary">
<doc>Waits until ``text`` appears on the current page.</doc>
<arguments>
<arg>"${SEARCH_TERM}"</arg>
</arguments>
<status status="PASS" starttime="20200215 16:06:15.416" endtime="20200215 16:06:15.430"></status>
</kw>
<status status="PASS" starttime="20200215 16:06:15.415" endtime="20200215 16:06:15.430"></status>
</kw>
<status status="PASS" starttime="20200215 16:06:11.620" endtime="20200215 16:06:15.430"></status>
</kw>
<kw name="End Web Test" library="Common" type="teardown">
<kw name="Close Browser" library="SeleniumLibrary">
<doc>Closes the current browser.</doc>
<status status="PASS" starttime="20200215 16:06:15.431" endtime="20200215 16:06:17.534"></status>
</kw>
<status status="PASS" starttime="20200215 16:06:15.431" endtime="20200215 16:06:17.535"></status>
</kw>
<tags>
<tag>Current</tag>
</tags>
<status status="PASS" starttime="20200215 16:06:09.516" endtime="20200215 16:06:17.535" critical="yes"></status>
</test>
<test id="s1-t2" name="Logged out user can view a product">
<kw name="Begin Web Test" library="Common" type="setup">
<kw name="Open Browser" library="SeleniumLibrary">
<doc>Opens a new browser instance to the optional ``url``.</doc>
<arguments>
<arg>about:blank</arg>
<arg>${BROWSER}</arg>
</arguments>
<msg timestamp="20200215 16:06:17.538" level="INFO">Opening browser 'chrome' to base url 'about:blank'.</msg>
<status status="PASS" starttime="20200215 16:06:17.538" endtime="20200215 16:06:19.634"></status>
</kw>
<status status="PASS" starttime="20200215 16:06:17.537" endtime="20200215 16:06:19.634"></status>
</kw>
<kw name="Search for Products" library="Store">
<kw name="Load" library="LandingPage">
<kw name="Go To" library="SeleniumLibrary">
<doc>Navigates the current browser window to the provided ``url``.</doc>
<arguments>
<arg>${START_URL}</arg>
</arguments>
<msg timestamp="20200215 16:06:19.635" level="INFO">Opening url 'http://automationpractice.com'</msg>
<status status="PASS" starttime="20200215 16:06:19.635" endtime="20200215 16:06:22.384"></status>
</kw>
<status status="PASS" starttime="20200215 16:06:19.635" endtime="20200215 16:06:22.384"></status>
</kw>
<kw name="Verify Page Loaded" library="LandingPage">
<kw name="Wait Until Page Contains Element" library="SeleniumLibrary">
<doc>Waits until the element ``locator`` appears on the current page.</doc>
<arguments>
<arg>id=search_block_top</arg>
</arguments>
<status status="PASS" starttime="20200215 16:06:22.385" endtime="20200215 16:06:22.396"></status>
</kw>
<status status="PASS" starttime="20200215 16:06:22.384" endtime="20200215 16:06:22.396"></status>
</kw>
<kw name="Search for Products" library="TopNav">
<kw name="Enter Search Term" library="TopNav">
<kw name="Input Text" library="SeleniumLibrary">
<doc>Types the given ``text`` into the text field identified by ``locator``.</doc>
<arguments>
<arg>id=search_query_top</arg>
<arg>${SEARCH_TERM}</arg>
</arguments>
<msg timestamp="20200215 16:06:22.397" level="INFO">Typing text 'Blouse' into text field 'id=search_query_top'.</msg>
<status status="PASS" starttime="20200215 16:06:22.396" endtime="20200215 16:06:22.495"></status>
</kw>
<status status="PASS" starttime="20200215 16:06:22.396" endtime="20200215 16:06:22.495"></status>
</kw>
<kw name="Submit Search" library="TopNav">
<kw name="Click Button" library="SeleniumLibrary">
<doc>Clicks the button identified by ``locator``.</doc>
<arguments>
<arg>css=button[class='btn btn-default button-search']</arg>
</arguments>
<msg timestamp="20200215 16:06:22.496" level="INFO">Clicking button 'css=button[class='btn btn-default button-search']'.</msg>
<status status="PASS" starttime="20200215 16:06:22.496" endtime="20200215 16:06:23.383"></status>
</kw>
<status status="PASS" starttime="20200215 16:06:22.496" endtime="20200215 16:06:23.383"></status>
</kw>
<status status="PASS" starttime="20200215 16:06:22.396" endtime="20200215 16:06:23.383"></status>
</kw>
<kw name="Verify Search Completed" library="SearchResults">
<kw name="Wait Until Page Contains" library="SeleniumLibrary">
<doc>Waits until ``text`` appears on the current page.</doc>
<arguments>
<arg>"${SEARCH_TERM}"</arg>
</arguments>
<status status="PASS" starttime="20200215 16:06:23.384" endtime="20200215 16:06:23.395"></status>
</kw>
<status status="PASS" starttime="20200215 16:06:23.384" endtime="20200215 16:06:23.396"></status>
</kw>
<status status="PASS" starttime="20200215 16:06:19.635" endtime="20200215 16:06:23.396"></status>
</kw>
<kw name="Select Product from Search Results" library="Store">
<kw name="Click Product Link" library="SearchResults">
<doc>Clicks on the first product in the search results list</doc>
<kw name="Click Image" library="SeleniumLibrary">
<doc>Clicks an image identified by ``locator``.</doc>
<arguments>
<arg>Blouse</arg>
</arguments>
<msg timestamp="20200215 16:06:23.397" level="INFO">Clicking image 'Blouse'.</msg>
<status status="PASS" starttime="20200215 16:06:23.396" endtime="20200215 16:06:24.527"></status>
</kw>
<status status="PASS" starttime="20200215 16:06:23.396" endtime="20200215 16:06:24.527"></status>
</kw>
<kw name="Verify Page Loaded" library="Product">
<kw name="Wait Until Page Contains Element" library="SeleniumLibrary">
<doc>Waits until the element ``locator`` appears on the current page.</doc>
<arguments>
<arg>css=div[class='box-info-product']</arg>
</arguments>
<status status="PASS" starttime="20200215 16:06:24.527" endtime="20200215 16:06:24.540"></status>
</kw>
<status status="PASS" starttime="20200215 16:06:24.527" endtime="20200215 16:06:24.540"></status>
</kw>
<status status="PASS" starttime="20200215 16:06:23.396" endtime="20200215 16:06:24.540"></status>
</kw>
<kw name="End Web Test" library="Common" type="teardown">
<kw name="Close Browser" library="SeleniumLibrary">
<doc>Closes the current browser.</doc>
<status status="PASS" starttime="20200215 16:06:24.540" endtime="20200215 16:06:26.667"></status>
</kw>
<status status="PASS" starttime="20200215 16:06:24.540" endtime="20200215 16:06:26.667"></status>
</kw>
<status status="PASS" starttime="20200215 16:06:17.537" endtime="20200215 16:06:26.668" critical="yes"></status>
</test>
<test id="s1-t3" name="Logged out user can add product to cart">
<kw name="Begin Web Test" library="Common" type="setup">
<kw name="Open Browser" library="SeleniumLibrary">
<doc>Opens a new browser instance to the optional ``url``.</doc>
<arguments>
<arg>about:blank</arg>
<arg>${BROWSER}</arg>
</arguments>
<msg timestamp="20200215 16:06:26.670" level="INFO">Opening browser 'chrome' to base url 'about:blank'.</msg>
<status status="PASS" starttime="20200215 16:06:26.670" endtime="20200215 16:06:28.757"></status>
</kw>
<status status="PASS" starttime="20200215 16:06:26.669" endtime="20200215 16:06:28.757"></status>
</kw>
<kw name="Search for Products" library="Store">
<kw name="Load" library="LandingPage">
<kw name="Go To" library="SeleniumLibrary">
<doc>Navigates the current browser window to the provided ``url``.</doc>
<arguments>
<arg>${START_URL}</arg>
</arguments>
<msg timestamp="20200215 16:06:28.759" level="INFO">Opening url 'http://automationpractice.com'</msg>
<status status="PASS" starttime="20200215 16:06:28.758" endtime="20200215 16:06:31.773"></status>
</kw>
<status status="PASS" starttime="20200215 16:06:28.758" endtime="20200215 16:06:31.774"></status>
</kw>
<kw name="Verify Page Loaded" library="LandingPage">
<kw name="Wait Until Page Contains Element" library="SeleniumLibrary">
<doc>Waits until the element ``locator`` appears on the current page.</doc>
<arguments>
<arg>id=search_block_top</arg>
</arguments>
<status status="PASS" starttime="20200215 16:06:31.774" endtime="20200215 16:06:31.786"></status>
</kw>
<status status="PASS" starttime="20200215 16:06:31.774" endtime="20200215 16:06:31.786"></status>
</kw>
<kw name="Search for Products" library="TopNav">
<kw name="Enter Search Term" library="TopNav">
<kw name="Input Text" library="SeleniumLibrary">
<doc>Types the given ``text`` into the text field identified by ``locator``.</doc>
<arguments>
<arg>id=search_query_top</arg>
<arg>${SEARCH_TERM}</arg>
</arguments>
<msg timestamp="20200215 16:06:31.787" level="INFO">Typing text 'Blouse' into text field 'id=search_query_top'.</msg>
<status status="PASS" starttime="20200215 16:06:31.787" endtime="20200215 16:06:31.896"></status>
</kw>
<status status="PASS" starttime="20200215 16:06:31.787" endtime="20200215 16:06:31.896"></status>
</kw>
<kw name="Submit Search" library="TopNav">
<kw name="Click Button" library="SeleniumLibrary">
<doc>Clicks the button identified by ``locator``.</doc>
<arguments>
<arg>css=button[class='btn btn-default button-search']</arg>
</arguments>
<msg timestamp="20200215 16:06:31.897" level="INFO">Clicking button 'css=button[class='btn btn-default button-search']'.</msg>
<status status="PASS" starttime="20200215 16:06:31.897" endtime="20200215 16:06:32.790"></status>
</kw>
<status status="PASS" starttime="20200215 16:06:31.896" endtime="20200215 16:06:32.790"></status>
</kw>
<status status="PASS" starttime="20200215 16:06:31.786" endtime="20200215 16:06:32.790"></status>
</kw>
<kw name="Verify Search Completed" library="SearchResults">
<kw name="Wait Until Page Contains" library="SeleniumLibrary">
<doc>Waits until ``text`` appears on the current page.</doc>
<arguments>
<arg>"${SEARCH_TERM}"</arg>
</arguments>
<status status="PASS" starttime="20200215 16:06:32.790" endtime="20200215 16:06:32.805"></status>
</kw>
<status status="PASS" starttime="20200215 16:06:32.790" endtime="20200215 16:06:32.805"></status>
</kw>
<status status="PASS" starttime="20200215 16:06:28.757" endtime="20200215 16:06:32.805"></status>
</kw>
<kw name="Select Product from Search Results" library="Store">
<kw name="Click Product Link" library="SearchResults">
<doc>Clicks on the first product in the search results list</doc>
<kw name="Click Image" library="SeleniumLibrary">
<doc>Clicks an image identified by ``locator``.</doc>
<arguments>
<arg>Blouse</arg>
</arguments>
<msg timestamp="20200215 16:06:32.806" level="INFO">Clicking image 'Blouse'.</msg>
<status status="PASS" starttime="20200215 16:06:32.806" endtime="20200215 16:06:33.893"></status>
</kw>
<status status="PASS" starttime="20200215 16:06:32.806" endtime="20200215 16:06:33.893"></status>
</kw>
<kw name="Verify Page Loaded" library="Product">
<kw name="Wait Until Page Contains Element" library="SeleniumLibrary">
<doc>Waits until the element ``locator`` appears on the current page.</doc>
<arguments>
<arg>css=div[class='box-info-product']</arg>
</arguments>
<status status="PASS" starttime="20200215 16:06:33.894" endtime="20200215 16:06:33.906"></status>
</kw>
<status status="PASS" starttime="20200215 16:06:33.893" endtime="20200215 16:06:33.906"></status>
</kw>
<status status="PASS" starttime="20200215 16:06:32.806" endtime="20200215 16:06:33.906"></status>
</kw>
<kw name="Add Product to Cart" library="Store">
<kw name="Add to Cart" library="Product">
<kw name="Click Button" library="SeleniumLibrary">
<doc>Clicks the button identified by ``locator``.</doc>
<arguments>
<arg>css=button[name='Submit']</arg>
</arguments>
<msg timestamp="20200215 16:06:33.907" level="INFO">Clicking button 'css=button[name='Submit']'.</msg>
<status status="PASS" starttime="20200215 16:06:33.907" endtime="20200215 16:06:33.993"></status>
</kw>
<status status="PASS" starttime="20200215 16:06:33.907" endtime="20200215 16:06:33.993"></status>
</kw>
<kw name="Verify Product Added" library="Cart">
<kw name="Wait Until Element Is Visible" library="SeleniumLibrary">
<doc>Waits until the element ``locator`` is visible.</doc>
<arguments>
<arg>css=div[id='layer_cart']</arg>
</arguments>
<status status="PASS" starttime="20200215 16:06:33.993" endtime="20200215 16:06:34.664"></status>
</kw>
<kw name="Click Element" library="SeleniumLibrary">
<doc>Click the element identified by ``locator``.</doc>
<arguments>
<arg>xpath=//*[contains(text(), "Proceed to checkout")]</arg>
</arguments>
<msg timestamp="20200215 16:06:34.665" level="INFO">Clicking element 'xpath=//*[contains(text(), "Proceed to checkout")]'.</msg>
<status status="PASS" starttime="20200215 16:06:34.664" endtime="20200215 16:06:35.871"></status>
</kw>
<status status="PASS" starttime="20200215 16:06:33.993" endtime="20200215 16:06:35.872"></status>
</kw>
<status status="PASS" starttime="20200215 16:06:33.906" endtime="20200215 16:06:35.872"></status>
</kw>
<kw name="End Web Test" library="Common" type="teardown">
<kw name="Close Browser" library="SeleniumLibrary">
<doc>Closes the current browser.</doc>
<status status="PASS" starttime="20200215 16:06:35.873" endtime="20200215 16:06:38.003"></status>
</kw>
<status status="PASS" starttime="20200215 16:06:35.872" endtime="20200215 16:06:38.003"></status>
</kw>
<status status="PASS" starttime="20200215 16:06:26.669" endtime="20200215 16:06:38.004" critical="yes"></status>
</test>
<test id="s1-t4" name="Logged out user must sign in to check out">
<kw name="Begin Web Test" library="Common" type="setup">
<kw name="Open Browser" library="SeleniumLibrary">
<doc>Opens a new browser instance to the optional ``url``.</doc>
<arguments>
<arg>about:blank</arg>
<arg>${BROWSER}</arg>
</arguments>
<msg timestamp="20200215 16:06:38.006" level="INFO">Opening browser 'chrome' to base url 'about:blank'.</msg>
<status status="PASS" starttime="20200215 16:06:38.006" endtime="20200215 16:06:40.101"></status>
</kw>
<status status="PASS" starttime="20200215 16:06:38.006" endtime="20200215 16:06:40.101"></status>
</kw>
<kw name="Search for Products" library="Store">
<kw name="Load" library="LandingPage">
<kw name="Go To" library="SeleniumLibrary">
<doc>Navigates the current browser window to the provided ``url``.</doc>
<arguments>
<arg>${START_URL}</arg>
</arguments>
<msg timestamp="20200215 16:06:40.102" level="INFO">Opening url 'http://automationpractice.com'</msg>
<status status="PASS" starttime="20200215 16:06:40.101" endtime="20200215 16:06:43.025"></status>
</kw>
<status status="PASS" starttime="20200215 16:06:40.101" endtime="20200215 16:06:43.025"></status>
</kw>
<kw name="Verify Page Loaded" library="LandingPage">
<kw name="Wait Until Page Contains Element" library="SeleniumLibrary">
<doc>Waits until the element ``locator`` appears on the current page.</doc>
<arguments>
<arg>id=search_block_top</arg>
</arguments>
<status status="PASS" starttime="20200215 16:06:43.025" endtime="20200215 16:06:43.036"></status>
</kw>
<status status="PASS" starttime="20200215 16:06:43.025" endtime="20200215 16:06:43.037"></status>
</kw>
<kw name="Search for Products" library="TopNav">
<kw name="Enter Search Term" library="TopNav">
<kw name="Input Text" library="SeleniumLibrary">
<doc>Types the given ``text`` into the text field identified by ``locator``.</doc>
<arguments>
<arg>id=search_query_top</arg>
<arg>${SEARCH_TERM}</arg>
</arguments>
<msg timestamp="20200215 16:06:43.038" level="INFO">Typing text 'Blouse' into text field 'id=search_query_top'.</msg>
<status status="PASS" starttime="20200215 16:06:43.037" endtime="20200215 16:06:43.137"></status>
</kw>
<status status="PASS" starttime="20200215 16:06:43.037" endtime="20200215 16:06:43.137"></status>
</kw>
<kw name="Submit Search" library="TopNav">
<kw name="Click Button" library="SeleniumLibrary">
<doc>Clicks the button identified by ``locator``.</doc>
<arguments>
<arg>css=button[class='btn btn-default button-search']</arg>
</arguments>
<msg timestamp="20200215 16:06:43.137" level="INFO">Clicking button 'css=button[class='btn btn-default button-search']'.</msg>
<status status="PASS" starttime="20200215 16:06:43.137" endtime="20200215 16:06:43.978"></status>
</kw>
<status status="PASS" starttime="20200215 16:06:43.137" endtime="20200215 16:06:43.979"></status>
</kw>
<status status="PASS" starttime="20200215 16:06:43.037" endtime="20200215 16:06:43.979"></status>
</kw>
<kw name="Verify Search Completed" library="SearchResults">
<kw name="Wait Until Page Contains" library="SeleniumLibrary">
<doc>Waits until ``text`` appears on the current page.</doc>
<arguments>
<arg>"${SEARCH_TERM}"</arg>
</arguments>
<status status="PASS" starttime="20200215 16:06:43.979" endtime="20200215 16:06:43.993"></status>
</kw>
<status status="PASS" starttime="20200215 16:06:43.979" endtime="20200215 16:06:43.993"></status>
</kw>
<status status="PASS" starttime="20200215 16:06:40.101" endtime="20200215 16:06:43.993"></status>
</kw>
<kw name="Select Product from Search Results" library="Store">
<kw name="Click Product Link" library="SearchResults">
<doc>Clicks on the first product in the search results list</doc>
<kw name="Click Image" library="SeleniumLibrary">
<doc>Clicks an image identified by ``locator``.</doc>
<arguments>
<arg>Blouse</arg>
</arguments>
<msg timestamp="20200215 16:06:43.999" level="INFO">Clicking image 'Blouse'.</msg>
<status status="PASS" starttime="20200215 16:06:43.998" endtime="20200215 16:06:45.194"></status>
</kw>
<status status="PASS" starttime="20200215 16:06:43.998" endtime="20200215 16:06:45.194"></status>
</kw>
<kw name="Verify Page Loaded" library="Product">
<kw name="Wait Until Page Contains Element" library="SeleniumLibrary">
<doc>Waits until the element ``locator`` appears on the current page.</doc>
<arguments>
<arg>css=div[class='box-info-product']</arg>
</arguments>
<status status="PASS" starttime="20200215 16:06:45.195" endtime="20200215 16:06:45.205"></status>
</kw>
<status status="PASS" starttime="20200215 16:06:45.194" endtime="20200215 16:06:45.205"></status>
</kw>
<status status="PASS" starttime="20200215 16:06:43.998" endtime="20200215 16:06:45.205"></status>
</kw>
<kw name="Add Product to Cart" library="Store">
<kw name="Add to Cart" library="Product">
<kw name="Click Button" library="SeleniumLibrary">
<doc>Clicks the button identified by ``locator``.</doc>
<arguments>
<arg>css=button[name='Submit']</arg>
</arguments>
<msg timestamp="20200215 16:06:45.206" level="INFO">Clicking button 'css=button[name='Submit']'.</msg>
<status status="PASS" starttime="20200215 16:06:45.206" endtime="20200215 16:06:45.292"></status>
</kw>
<status status="PASS" starttime="20200215 16:06:45.206" endtime="20200215 16:06:45.292"></status>
</kw>
<kw name="Verify Product Added" library="Cart">
<kw name="Wait Until Element Is Visible" library="SeleniumLibrary">
<doc>Waits until the element ``locator`` is visible.</doc>
<arguments>
<arg>css=div[id='layer_cart']</arg>
</arguments>
<status status="PASS" starttime="20200215 16:06:45.293" endtime="20200215 16:06:45.966"></status>
</kw>
<kw name="Click Element" library="SeleniumLibrary">
<doc>Click the element identified by ``locator``.</doc>
<arguments>
<arg>xpath=//*[contains(text(), "Proceed to checkout")]</arg>
</arguments>
<msg timestamp="20200215 16:06:45.967" level="INFO">Clicking element 'xpath=//*[contains(text(), "Proceed to checkout")]'.</msg>
<status status="PASS" starttime="20200215 16:06:45.966" endtime="20200215 16:06:47.169"></status>
</kw>
<status status="PASS" starttime="20200215 16:06:45.292" endtime="20200215 16:06:47.169"></status>
</kw>
<status status="PASS" starttime="20200215 16:06:45.206" endtime="20200215 16:06:47.170"></status>
</kw>
<kw name="Begin Checkout" library="Store">
<kw name="Proceed to Checkout" library="Cart">
<kw name="Wait Until Element Is Visible" library="SeleniumLibrary">
<doc>Waits until the element ``locator`` is visible.</doc>
<arguments>
<arg>xpath=//*[contains(text(), "Your shopping cart")]</arg>
</arguments>
<status status="PASS" starttime="20200215 16:06:47.171" endtime="20200215 16:06:47.192"></status>
</kw>
<kw name="Wait Until Element Is Enabled" library="SeleniumLibrary">
<doc>Waits until the element ``locator`` is enabled.</doc>
<arguments>
<arg>xpath=//a[@href="http://automationpractice.com/index.php?controller=order&amp;step=1"]</arg>
</arguments>
<status status="PASS" starttime="20200215 16:06:47.192" endtime="20200215 16:06:47.219"></status>
</kw>
<kw name="Click Link" library="SeleniumLibrary">
<doc>Clicks a link identified by ``locator``.</doc>
<arguments>
<arg>xpath=//a[@href="http://automationpractice.com/index.php?controller=order&amp;step=1"]</arg>
</arguments>
<msg timestamp="20200215 16:06:47.219" level="INFO">Clicking link 'xpath=//a[@href="http://automationpractice.com/index.php?controller=order&amp;step=1"]'.</msg>
<status status="PASS" starttime="20200215 16:06:47.219" endtime="20200215 16:06:48.540"></status>
</kw>
<status status="PASS" starttime="20200215 16:06:47.170" endtime="20200215 16:06:48.540"></status>
</kw>
<kw name="Verify Page Loaded" library="SignIn">
<kw name="Wait Until Page Contains" library="SeleniumLibrary">
<doc>Waits until ``text`` appears on the current page.</doc>
<arguments>
<arg>Authentication</arg>
</arguments>
<status status="PASS" starttime="20200215 16:06:48.540" endtime="20200215 16:06:48.552"></status>
</kw>
<kw name="Wait Until Element Is Visible" library="SeleniumLibrary">
<doc>Waits until the element ``locator`` is visible.</doc>
<arguments>
<arg>css=input[class='is_required validate account_input form-control']</arg>
</arguments>
<status status="PASS" starttime="20200215 16:06:48.553" endtime="20200215 16:06:48.572"></status>
</kw>
<status status="PASS" starttime="20200215 16:06:48.540" endtime="20200215 16:06:48.572"></status>
</kw>
<kw name="Authenticate User" library="SignIn">
<kw name="Input Text" library="SeleniumLibrary">
<doc>Types the given ``text`` into the text field identified by ``locator``.</doc>
<arguments>
<arg>id=email</arg>
<arg>${EMAIL_ADDRESS}</arg>
</arguments>
<msg timestamp="20200215 16:06:48.573" level="INFO">Typing text 'sara@email.com' into text field 'id=email'.</msg>
<status status="PASS" starttime="20200215 16:06:48.573" endtime="20200215 16:06:48.669"></status>
</kw>
<kw name="Input Text" library="SeleniumLibrary">
<doc>Types the given ``text`` into the text field identified by ``locator``.</doc>
<arguments>
<arg>id=passwd</arg>
<arg>${PASSWORD}</arg>
</arguments>
<msg timestamp="20200215 16:06:48.670" level="INFO">Typing text 'password' into text field 'id=passwd'.</msg>
<status status="PASS" starttime="20200215 16:06:48.669" endtime="20200215 16:06:48.756"></status>
</kw>
<kw name="Click Button" library="SeleniumLibrary">
<doc>Clicks the button identified by ``locator``.</doc>
<arguments>
<arg>css=button[id='SubmitLogin']</arg>
</arguments>
<msg timestamp="20200215 16:06:48.757" level="INFO">Clicking button 'css=button[id='SubmitLogin']'.</msg>
<status status="PASS" starttime="20200215 16:06:48.756" endtime="20200215 16:06:49.876"></status>
</kw>
<status status="PASS" starttime="20200215 16:06:48.573" endtime="20200215 16:06:49.876"></status>
</kw>
<status status="PASS" starttime="20200215 16:06:47.170" endtime="20200215 16:06:49.877"></status>
</kw>
<kw name="End Web Test" library="Common" type="teardown">
<kw name="Close Browser" library="SeleniumLibrary">
<doc>Closes the current browser.</doc>
<status status="PASS" starttime="20200215 16:06:49.878" endtime="20200215 16:06:52.007"></status>
</kw>
<status status="PASS" starttime="20200215 16:06:49.878" endtime="20200215 16:06:52.007"></status>
</kw>
<status status="PASS" starttime="20200215 16:06:38.005" endtime="20200215 16:06:52.008" critical="yes"></status>
</test>
<test id="s1-t5" name="Logged in user can complete check out">
<kw name="Begin Web Test" library="Common" type="setup">
<kw name="Open Browser" library="SeleniumLibrary">
<doc>Opens a new browser instance to the optional ``url``.</doc>
<arguments>
<arg>about:blank</arg>
<arg>${BROWSER}</arg>
</arguments>
<msg timestamp="20200215 16:06:52.010" level="INFO">Opening browser 'chrome' to base url 'about:blank'.</msg>
<status status="PASS" starttime="20200215 16:06:52.010" endtime="20200215 16:06:54.058"></status>
</kw>
<status status="PASS" starttime="20200215 16:06:52.010" endtime="20200215 16:06:54.058"></status>
</kw>
<kw name="Search for Products" library="Store">
<kw name="Load" library="LandingPage">
<kw name="Go To" library="SeleniumLibrary">
<doc>Navigates the current browser window to the provided ``url``.</doc>
<arguments>
<arg>${START_URL}</arg>
</arguments>
<msg timestamp="20200215 16:06:54.059" level="INFO">Opening url 'http://automationpractice.com'</msg>
<status status="PASS" starttime="20200215 16:06:54.059" endtime="20200215 16:06:57.041"></status>
</kw>
<status status="PASS" starttime="20200215 16:06:54.058" endtime="20200215 16:06:57.041"></status>
</kw>
<kw name="Verify Page Loaded" library="LandingPage">
<kw name="Wait Until Page Contains Element" library="SeleniumLibrary">
<doc>Waits until the element ``locator`` appears on the current page.</doc>
<arguments>
<arg>id=search_block_top</arg>
</arguments>
<status status="PASS" starttime="20200215 16:06:57.042" endtime="20200215 16:06:57.053"></status>
</kw>
<status status="PASS" starttime="20200215 16:06:57.041" endtime="20200215 16:06:57.053"></status>
</kw>
<kw name="Search for Products" library="TopNav">
<kw name="Enter Search Term" library="TopNav">
<kw name="Input Text" library="SeleniumLibrary">
<doc>Types the given ``text`` into the text field identified by ``locator``.</doc>
<arguments>
<arg>id=search_query_top</arg>
<arg>${SEARCH_TERM}</arg>
</arguments>
<msg timestamp="20200215 16:06:57.054" level="INFO">Typing text 'Blouse' into text field 'id=search_query_top'.</msg>
<status status="PASS" starttime="20200215 16:06:57.054" endtime="20200215 16:06:57.162"></status>
</kw>
<status status="PASS" starttime="20200215 16:06:57.054" endtime="20200215 16:06:57.162"></status>
</kw>
<kw name="Submit Search" library="TopNav">
<kw name="Click Button" library="SeleniumLibrary">
<doc>Clicks the button identified by ``locator``.</doc>
<arguments>
<arg>css=button[class='btn btn-default button-search']</arg>
</arguments>
<msg timestamp="20200215 16:06:57.163" level="INFO">Clicking button 'css=button[class='btn btn-default button-search']'.</msg>
<status status="PASS" starttime="20200215 16:06:57.163" endtime="20200215 16:06:58.028"></status>
</kw>
<status status="PASS" starttime="20200215 16:06:57.162" endtime="20200215 16:06:58.028"></status>
</kw>
<status status="PASS" starttime="20200215 16:06:57.053" endtime="20200215 16:06:58.028"></status>
</kw>
<kw name="Verify Search Completed" library="SearchResults">
<kw name="Wait Until Page Contains" library="SeleniumLibrary">
<doc>Waits until ``text`` appears on the current page.</doc>
<arguments>
<arg>"${SEARCH_TERM}"</arg>
</arguments>
<status status="PASS" starttime="20200215 16:06:58.029" endtime="20200215 16:06:58.041"></status>
</kw>
<status status="PASS" starttime="20200215 16:06:58.028" endtime="20200215 16:06:58.041"></status>
</kw>
<status status="PASS" starttime="20200215 16:06:54.058" endtime="20200215 16:06:58.042"></status>
</kw>
<kw name="Select Product from Search Results" library="Store">
<kw name="Click Product Link" library="SearchResults">
<doc>Clicks on the first product in the search results list</doc>
<kw name="Click Image" library="SeleniumLibrary">
<doc>Clicks an image identified by ``locator``.</doc>
<arguments>
<arg>Blouse</arg>
</arguments>
<msg timestamp="20200215 16:06:58.043" level="INFO">Clicking image 'Blouse'.</msg>
<status status="PASS" starttime="20200215 16:06:58.043" endtime="20200215 16:06:59.120"></status>
</kw>
<status status="PASS" starttime="20200215 16:06:58.042" endtime="20200215 16:06:59.120"></status>
</kw>
<kw name="Verify Page Loaded" library="Product">
<kw name="Wait Until Page Contains Element" library="SeleniumLibrary">
<doc>Waits until the element ``locator`` appears on the current page.</doc>
<arguments>
<arg>css=div[class='box-info-product']</arg>
</arguments>
<status status="PASS" starttime="20200215 16:06:59.120" endtime="20200215 16:06:59.132"></status>
</kw>
<status status="PASS" starttime="20200215 16:06:59.120" endtime="20200215 16:06:59.132"></status>
</kw>
<status status="PASS" starttime="20200215 16:06:58.042" endtime="20200215 16:06:59.132"></status>
</kw>
<kw name="Add Product to Cart" library="Store">
<kw name="Add to Cart" library="Product">
<kw name="Click Button" library="SeleniumLibrary">
<doc>Clicks the button identified by ``locator``.</doc>
<arguments>
<arg>css=button[name='Submit']</arg>
</arguments>
<msg timestamp="20200215 16:06:59.133" level="INFO">Clicking button 'css=button[name='Submit']'.</msg>
<status status="PASS" starttime="20200215 16:06:59.133" endtime="20200215 16:06:59.239"></status>
</kw>
<status status="PASS" starttime="20200215 16:06:59.133" endtime="20200215 16:06:59.239"></status>
</kw>
<kw name="Verify Product Added" library="Cart">
<kw name="Wait Until Element Is Visible" library="SeleniumLibrary">
<doc>Waits until the element ``locator`` is visible.</doc>
<arguments>
<arg>css=div[id='layer_cart']</arg>
</arguments>
<status status="PASS" starttime="20200215 16:06:59.240" endtime="20200215 16:06:59.911"></status>
</kw>
<kw name="Click Element" library="SeleniumLibrary">
<doc>Click the element identified by ``locator``.</doc>
<arguments>
<arg>xpath=//*[contains(text(), "Proceed to checkout")]</arg>
</arguments>
<msg timestamp="20200215 16:06:59.911" level="INFO">Clicking element 'xpath=//*[contains(text(), "Proceed to checkout")]'.</msg>
<status status="PASS" starttime="20200215 16:06:59.911" endtime="20200215 16:07:01.095"></status>
</kw>
<status status="PASS" starttime="20200215 16:06:59.239" endtime="20200215 16:07:01.095"></status>
</kw>
<status status="PASS" starttime="20200215 16:06:59.132" endtime="20200215 16:07:01.095"></status>
</kw>
<kw name="Begin Checkout" library="Store">
<kw name="Proceed to Checkout" library="Cart">
<kw name="Wait Until Element Is Visible" library="SeleniumLibrary">
<doc>Waits until the element ``locator`` is visible.</doc>
<arguments>
<arg>xpath=//*[contains(text(), "Your shopping cart")]</arg>
</arguments>
<status status="PASS" starttime="20200215 16:07:01.096" endtime="20200215 16:07:01.119"></status>
</kw>
<kw name="Wait Until Element Is Enabled" library="SeleniumLibrary">
<doc>Waits until the element ``locator`` is enabled.</doc>
<arguments>
<arg>xpath=//a[@href="http://automationpractice.com/index.php?controller=order&amp;step=1"]</arg>
</arguments>
<status status="PASS" starttime="20200215 16:07:01.120" endtime="20200215 16:07:01.143"></status>
</kw>
<kw name="Click Link" library="SeleniumLibrary">
<doc>Clicks a link identified by ``locator``.</doc>
<arguments>
<arg>xpath=//a[@href="http://automationpractice.com/index.php?controller=order&amp;step=1"]</arg>
</arguments>
<msg timestamp="20200215 16:07:01.143" level="INFO">Clicking link 'xpath=//a[@href="http://automationpractice.com/index.php?controller=order&amp;step=1"]'.</msg>
<status status="PASS" starttime="20200215 16:07:01.143" endtime="20200215 16:07:02.603"></status>
</kw>
<status status="PASS" starttime="20200215 16:07:01.096" endtime="20200215 16:07:02.603"></status>
</kw>
<kw name="Verify Page Loaded" library="SignIn">
<kw name="Wait Until Page Contains" library="SeleniumLibrary">
<doc>Waits until ``text`` appears on the current page.</doc>
<arguments>
<arg>Authentication</arg>
</arguments>
<status status="PASS" starttime="20200215 16:07:02.604" endtime="20200215 16:07:02.617"></status>
</kw>
<kw name="Wait Until Element Is Visible" library="SeleniumLibrary">
<doc>Waits until the element ``locator`` is visible.</doc>
<arguments>
<arg>css=input[class='is_required validate account_input form-control']</arg>
</arguments>
<status status="PASS" starttime="20200215 16:07:02.617" endtime="20200215 16:07:02.636"></status>
</kw>
<status status="PASS" starttime="20200215 16:07:02.604" endtime="20200215 16:07:02.637"></status>
</kw>
<kw name="Authenticate User" library="SignIn">
<kw name="Input Text" library="SeleniumLibrary">
<doc>Types the given ``text`` into the text field identified by ``locator``.</doc>
<arguments>
<arg>id=email</arg>
<arg>${EMAIL_ADDRESS}</arg>
</arguments>
<msg timestamp="20200215 16:07:02.637" level="INFO">Typing text 'sara@email.com' into text field 'id=email'.</msg>
<status status="PASS" starttime="20200215 16:07:02.637" endtime="20200215 16:07:02.739"></status>
</kw>
<kw name="Input Text" library="SeleniumLibrary">
<doc>Types the given ``text`` into the text field identified by ``locator``.</doc>
<arguments>
<arg>id=passwd</arg>
<arg>${PASSWORD}</arg>
</arguments>
<msg timestamp="20200215 16:07:02.739" level="INFO">Typing text 'password' into text field 'id=passwd'.</msg>
<status status="PASS" starttime="20200215 16:07:02.739" endtime="20200215 16:07:02.829"></status>
</kw>
<kw name="Click Button" library="SeleniumLibrary">
<doc>Clicks the button identified by ``locator``.</doc>
<arguments>
<arg>css=button[id='SubmitLogin']</arg>
</arguments>
<msg timestamp="20200215 16:07:02.829" level="INFO">Clicking button 'css=button[id='SubmitLogin']'.</msg>
<status status="PASS" starttime="20200215 16:07:02.829" endtime="20200215 16:07:04.072"></status>
</kw>
<status status="PASS" starttime="20200215 16:07:02.637" endtime="20200215 16:07:04.072"></status>
</kw>
<status status="PASS" starttime="20200215 16:07:01.096" endtime="20200215 16:07:04.072"></status>
</kw>
<kw name="Complete Checkout" library="Store">
<kw name="Verify Delivery Address Page Loaded" library="Checkout">
<kw name="Wait Until Page Contains" library="SeleniumLibrary">
<doc>Waits until ``text`` appears on the current page.</doc>
<arguments>
<arg>Choose a delivery address:</arg>
</arguments>
<status status="PASS" starttime="20200215 16:07:04.073" endtime="20200215 16:07:04.086"></status>
</kw>
<status status="PASS" starttime="20200215 16:07:04.073" endtime="20200215 16:07:04.086"></status>
</kw>
<kw name="Proceed to Shipping" library="Checkout">
<kw name="Wait Until Element Is Visible" library="SeleniumLibrary">
<doc>Waits until the element ``locator`` is visible.</doc>
<arguments>
<arg>css=button[name='processAddress']</arg>
</arguments>
<status status="PASS" starttime="20200215 16:07:04.087" endtime="20200215 16:07:04.109"></status>
</kw>
<kw name="Click Button" library="SeleniumLibrary">
<doc>Clicks the button identified by ``locator``.</doc>
<arguments>
<arg>css=button[name='processAddress']</arg>
</arguments>
<msg timestamp="20200215 16:07:04.109" level="INFO">Clicking button 'css=button[name='processAddress']'.</msg>
<status status="PASS" starttime="20200215 16:07:04.109" endtime="20200215 16:07:04.924"></status>
</kw>
<status status="PASS" starttime="20200215 16:07:04.086" endtime="20200215 16:07:04.924"></status>
</kw>
<kw name="Proceed to Payment" library="Checkout">
<kw name="Wait Until Page Contains" library="SeleniumLibrary">
<doc>Waits until ``text`` appears on the current page.</doc>
<arguments>
<arg>Shipping</arg>
</arguments>
<status status="PASS" starttime="20200215 16:07:04.924" endtime="20200215 16:07:04.936"></status>
</kw>
<kw name="Select Checkbox" library="SeleniumLibrary">
<doc>Selects the checkbox identified by ``locator``.</doc>
<arguments>
<arg>css=input[id='cgv']</arg>
</arguments>
<msg timestamp="20200215 16:07:04.937" level="INFO">Selecting checkbox 'css=input[id='cgv']'.</msg>
<status status="PASS" starttime="20200215 16:07:04.936" endtime="20200215 16:07:05.013"></status>
</kw>
<kw name="Click Button" library="SeleniumLibrary">
<doc>Clicks the button identified by ``locator``.</doc>
<arguments>
<arg>css=button[name='processCarrier']</arg>
</arguments>
<msg timestamp="20200215 16:07:05.013" level="INFO">Clicking button 'css=button[name='processCarrier']'.</msg>
<status status="PASS" starttime="20200215 16:07:05.013" endtime="20200215 16:07:05.863"></status>
</kw>
<status status="PASS" starttime="20200215 16:07:04.924" endtime="20200215 16:07:05.863"></status>
</kw>
<kw name="Choose payment method" library="Checkout">
<kw name="Wait Until Page Contains" library="SeleniumLibrary">
<doc>Waits until ``text`` appears on the current page.</doc>
<arguments>
<arg>Your payment method</arg>
</arguments>
<status status="PASS" starttime="20200215 16:07:05.863" endtime="20200215 16:07:05.875"></status>
</kw>
<kw name="Click Link" library="SeleniumLibrary">
<doc>Clicks a link identified by ``locator``.</doc>
<arguments>
<arg>xpath=//a[@href="http://automationpractice.com/index.php?fc=module&amp;module=cheque&amp;controller=payment"]</arg>
</arguments>
<msg timestamp="20200215 16:07:05.876" level="INFO">Clicking link 'xpath=//a[@href="http://automationpractice.com/index.php?fc=module&amp;module=cheque&amp;controller=payment"]'.</msg>
<status status="PASS" starttime="20200215 16:07:05.876" endtime="20200215 16:07:06.685"></status>
</kw>
<status status="PASS" starttime="20200215 16:07:05.863" endtime="20200215 16:07:06.685"></status>
</kw>
<status status="PASS" starttime="20200215 16:07:04.073" endtime="20200215 16:07:06.686"></status>
</kw>
<kw name="Order Confirmation" library="Store">
<kw name="Confirm Order" library="OrderConfirmation">
<kw name="Wait Until Page Contains" library="SeleniumLibrary">
<doc>Waits until ``text`` appears on the current page.</doc>
<arguments>
<arg>Check payment</arg>
</arguments>
<status status="PASS" starttime="20200215 16:07:06.687" endtime="20200215 16:07:06.703"></status>
</kw>
<kw name="Click Element" library="SeleniumLibrary">
<doc>Click the element identified by ``locator``.</doc>
<arguments>
<arg>xpath=//*[contains(text(), "I confirm my order")]</arg>
</arguments>
<msg timestamp="20200215 16:07:06.703" level="INFO">Clicking element 'xpath=//*[contains(text(), "I confirm my order")]'.</msg>
<status status="PASS" starttime="20200215 16:07:06.703" endtime="20200215 16:07:08.067"></status>
</kw>
<status status="PASS" starttime="20200215 16:07:06.686" endtime="20200215 16:07:08.067"></status>
</kw>
<kw name="Verify Order Confirmation Page" library="OrderConfirmation">
<kw name="Wait Until Page Contains" library="SeleniumLibrary">
<doc>Waits until ``text`` appears on the current page.</doc>
<arguments>
<arg>Your order on My Store is complete.</arg>
</arguments>
<status status="PASS" starttime="20200215 16:07:08.068" endtime="20200215 16:07:08.080"></status>
</kw>
<status status="PASS" starttime="20200215 16:07:08.067" endtime="20200215 16:07:08.080"></status>
</kw>
<status status="PASS" starttime="20200215 16:07:06.686" endtime="20200215 16:07:08.080"></status>
</kw>
<kw name="End Web Test" library="Common" type="teardown">
<kw name="Close Browser" library="SeleniumLibrary">
<doc>Closes the current browser.</doc>
<status status="PASS" starttime="20200215 16:07:08.081" endtime="20200215 16:07:10.208"></status>
</kw>
<status status="PASS" starttime="20200215 16:07:08.081" endtime="20200215 16:07:10.208"></status>
</kw>
<status status="PASS" starttime="20200215 16:06:52.009" endtime="20200215 16:07:10.208" critical="yes"></status>
</test>
<doc>This is some basic info about the whole suite</doc>
<status status="PASS" starttime="20200215 16:06:09.331" endtime="20200215 16:07:10.210"></status>
</suite>
<statistics>
<total>
<stat pass="5" fail="0">Critical Tests</stat>
<stat pass="5" fail="0">All Tests</stat>
</total>
<tag>
<stat pass="1" fail="0">Current</stat>
</tag>
<suite>
<stat pass="5" fail="0" id="s1" name="StoreTests">StoreTests</stat>
</suite>
</statistics>
<errors>
</errors>
</robot>
